# JRE version: OpenJDK Runtime Environment (21.0.4) (build 21.0.4+-12508038-b607.1)
# Java VM: OpenJDK 64-Bit Server VM (21.0.4+-12508038-b607.1, mixed mode, tiered, compressed oops, compressed class ptrs, g1 gc, windows-amd64)
GC Precious Log:
 CardTable entry size: 512
 Card Set container configuration: InlinePtr #cards 5 size 8 Array Of Cards #cards 12 size 40 Howl #buckets 4 coarsen threshold 1843 Howl Bitmap #cards 512 size 80 coarsen threshold 460 Card regions per heap region 1 cards per card region 2048
 CPUs: 12 total, 12 available
 Memory: 16085M
 Large Page Support: Disabled
 NUMA Support: Disabled
 Compressed Oops: Enabled (32-bit)
 Heap Region Size: 1M
 Heap Min Capacity: 8M
 Heap Initial Capacity: 252M
 Heap Max Capacity: 2G
 Pre-touch: Disabled
 Parallel Workers: 10
 Concurrent Workers: 3
 Concurrent Refinement Workers: 10
 Periodic GC: Disabled
Heap:
 garbage-first heap   total 329728K, used 260562K [0x0000000080000000, 0x0000000100000000)
  region size 1024K, 56 young (57344K), 7 survivors (7168K)
 Metaspace       used 134084K, committed 136320K, reserved 1179648K
  class space    used 18590K, committed 19712K, reserved 1048576K
GC Heap History (20 events):
Event: 19.225 GC heap before
{Heap before GC invocations=44 (full 0):
 garbage-first heap   total 239616K, used 182387K [0x0000000080000000, 0x0000000100000000)
  region size 1024K, 47 young (48128K), 7 survivors (7168K)
 Metaspace       used 117887K, committed 120064K, reserved 1179648K
  class space    used 16087K, committed 17216K, reserved 1048576K
}
Event: 19.229 GC heap after
{Heap after GC invocations=45 (full 0):
 garbage-first heap   total 239616K, used 148958K [0x0000000080000000, 0x0000000100000000)
  region size 1024K, 6 young (6144K), 6 survivors (6144K)
 Metaspace       used 117887K, committed 120064K, reserved 1179648K
  class space    used 16087K, committed 17216K, reserved 1048576K
}
Event: 19.479 GC heap before
{Heap before GC invocations=45 (full 0):
 garbage-first heap   total 239616K, used 204254K [0x0000000080000000, 0x0000000100000000)
  region size 1024K, 61 young (62464K), 6 survivors (6144K)
 Metaspace       used 120402K, committed 122496K, reserved 1179648K
  class space    used 16460K, committed 17536K, reserved 1048576K
}
Event: 19.488 GC heap after
{Heap after GC invocations=46 (full 0):
 garbage-first heap   total 239616K, used 148832K [0x0000000080000000, 0x0000000100000000)
  region size 1024K, 8 young (8192K), 8 survivors (8192K)
 Metaspace       used 120402K, committed 122496K, reserved 1179648K
  class space    used 16460K, committed 17536K, reserved 1048576K
}
Event: 19.600 GC heap before
{Heap before GC invocations=46 (full 0):
 garbage-first heap   total 239616K, used 205152K [0x0000000080000000, 0x0000000100000000)
  region size 1024K, 64 young (65536K), 8 survivors (8192K)
 Metaspace       used 121706K, committed 123840K, reserved 1179648K
  class space    used 16697K, committed 17792K, reserved 1048576K
}
Event: 19.614 GC heap after
{Heap after GC invocations=47 (full 0):
 garbage-first heap   total 287744K, used 160001K [0x0000000080000000, 0x0000000100000000)
  region size 1024K, 8 young (8192K), 8 survivors (8192K)
 Metaspace       used 121706K, committed 123840K, reserved 1179648K
  class space    used 16697K, committed 17792K, reserved 1048576K
}
Event: 19.832 GC heap before
{Heap before GC invocations=48 (full 0):
 garbage-first heap   total 287744K, used 237825K [0x0000000080000000, 0x0000000100000000)
  region size 1024K, 85 young (87040K), 8 survivors (8192K)
 Metaspace       used 124630K, committed 126784K, reserved 1179648K
  class space    used 17133K, committed 18240K, reserved 1048576K
}
Event: 19.845 GC heap after
{Heap after GC invocations=49 (full 0):
 garbage-first heap   total 287744K, used 171940K [0x0000000080000000, 0x0000000100000000)
  region size 1024K, 11 young (11264K), 11 survivors (11264K)
 Metaspace       used 124630K, committed 126784K, reserved 1179648K
  class space    used 17133K, committed 18240K, reserved 1048576K
}
Event: 19.985 GC heap before
{Heap before GC invocations=49 (full 0):
 garbage-first heap   total 287744K, used 247716K [0x0000000080000000, 0x0000000100000000)
  region size 1024K, 85 young (87040K), 11 survivors (11264K)
 Metaspace       used 125823K, committed 128000K, reserved 1179648K
  class space    used 17366K, committed 18496K, reserved 1048576K
}
Event: 20.000 GC heap after
{Heap after GC invocations=50 (full 0):
 garbage-first heap   total 287744K, used 182272K [0x0000000080000000, 0x0000000100000000)
  region size 1024K, 11 young (11264K), 11 survivors (11264K)
 Metaspace       used 125823K, committed 128000K, reserved 1179648K
  class space    used 17366K, committed 18496K, reserved 1048576K
}
Event: 20.083 GC heap before
{Heap before GC invocations=50 (full 0):
 garbage-first heap   total 287744K, used 250880K [0x0000000080000000, 0x0000000100000000)
  region size 1024K, 78 young (79872K), 11 survivors (11264K)
 Metaspace       used 126549K, committed 128704K, reserved 1179648K
  class space    used 17488K, committed 18624K, reserved 1048576K
}
Event: 20.096 GC heap after
{Heap after GC invocations=51 (full 0):
 garbage-first heap   total 287744K, used 196881K [0x0000000080000000, 0x0000000100000000)
  region size 1024K, 10 young (10240K), 10 survivors (10240K)
 Metaspace       used 126549K, committed 128704K, reserved 1179648K
  class space    used 17488K, committed 18624K, reserved 1048576K
}
Event: 20.291 GC heap before
{Heap before GC invocations=51 (full 0):
 garbage-first heap   total 329728K, used 255249K [0x0000000080000000, 0x0000000100000000)
  region size 1024K, 68 young (69632K), 10 survivors (10240K)
 Metaspace       used 128617K, committed 130816K, reserved 1179648K
  class space    used 17851K, committed 18944K, reserved 1048576K
}
Event: 20.304 GC heap after
{Heap after GC invocations=52 (full 0):
 garbage-first heap   total 329728K, used 207112K [0x0000000080000000, 0x0000000100000000)
  region size 1024K, 9 young (9216K), 9 survivors (9216K)
 Metaspace       used 128617K, committed 130816K, reserved 1179648K
  class space    used 17851K, committed 18944K, reserved 1048576K
}
Event: 21.668 GC heap before
{Heap before GC invocations=53 (full 0):
 garbage-first heap   total 329728K, used 289032K [0x0000000080000000, 0x0000000100000000)
  region size 1024K, 89 young (91136K), 9 survivors (9216K)
 Metaspace       used 132132K, committed 134272K, reserved 1179648K
  class space    used 18343K, committed 19456K, reserved 1048576K
}
Event: 21.677 GC heap after
{Heap after GC invocations=54 (full 0):
 garbage-first heap   total 329728K, used 210539K [0x0000000080000000, 0x0000000100000000)
  region size 1024K, 4 young (4096K), 4 survivors (4096K)
 Metaspace       used 132132K, committed 134272K, reserved 1179648K
  class space    used 18343K, committed 19456K, reserved 1048576K
}
Event: 21.910 GC heap before
{Heap before GC invocations=54 (full 0):
 garbage-first heap   total 329728K, used 293483K [0x0000000080000000, 0x0000000100000000)
  region size 1024K, 86 young (88064K), 4 survivors (4096K)
 Metaspace       used 133635K, committed 135808K, reserved 1179648K
  class space    used 18545K, committed 19648K, reserved 1048576K
}
Event: 21.916 GC heap after
{Heap after GC invocations=55 (full 0):
 garbage-first heap   total 329728K, used 208809K [0x0000000080000000, 0x0000000100000000)
  region size 1024K, 4 young (4096K), 4 survivors (4096K)
 Metaspace       used 133635K, committed 135808K, reserved 1179648K
  class space    used 18545K, committed 19648K, reserved 1048576K
}
Event: 22.120 GC heap before
{Heap before GC invocations=55 (full 0):
 garbage-first heap   total 329728K, used 301993K [0x0000000080000000, 0x0000000100000000)
  region size 1024K, 95 young (97280K), 4 survivors (4096K)
 Metaspace       used 133868K, committed 136064K, reserved 1179648K
  class space    used 18565K, committed 19648K, reserved 1048576K
}
Event: 22.126 GC heap after
{Heap after GC invocations=56 (full 0):
 garbage-first heap   total 329728K, used 211410K [0x0000000080000000, 0x0000000100000000)
  region size 1024K, 7 young (7168K), 7 survivors (7168K)
 Metaspace       used 133868K, committed 136064K, reserved 1179648K
  class space    used 18565K, committed 19648K, reserved 1048576K
}

