# JRE version: OpenJDK Runtime Environment (21.0.4) (build 21.0.4+-12508038-b607.1)
# Java VM: OpenJDK 64-Bit Server VM (21.0.4+-12508038-b607.1, mixed mode, tiered, compressed oops, compressed class ptrs, g1 gc, windows-amd64)
GC Precious Log:
 CardTable entry size: 512
 Card Set container configuration: InlinePtr #cards 5 size 8 Array Of Cards #cards 12 size 40 Howl #buckets 4 coarsen threshold 1843 Howl Bitmap #cards 512 size 80 coarsen threshold 460 Card regions per heap region 1 cards per card region 2048
 CPUs: 12 total, 12 available
 Memory: 16085M
 Large Page Support: Disabled
 NUMA Support: Disabled
 Compressed Oops: Enabled (32-bit)
 Heap Region Size: 1M
 Heap Min Capacity: 8M
 Heap Initial Capacity: 252M
 Heap Max Capacity: 2G
 Pre-touch: Disabled
 Parallel Workers: 10
 Concurrent Workers: 3
 Concurrent Refinement Workers: 10
 Periodic GC: Disabled
Heap:
 garbage-first heap   total 269312K, used 201583K [0x0000000080000000, 0x0000000100000000)
  region size 1024K, 29 young (29696K), 8 survivors (8192K)
 Metaspace       used 128902K, committed 131200K, reserved 1179648K
  class space    used 16996K, committed 18176K, reserved 1048576K
GC Heap History (20 events):
Event: 72.426 GC heap before
{Heap before GC invocations=47 (full 0):
 garbage-first heap   total 235520K, used 192880K [0x0000000080000000, 0x0000000100000000)
  region size 1024K, 60 young (61440K), 8 survivors (8192K)
 Metaspace       used 119169K, committed 121408K, reserved 1179648K
  class space    used 16139K, committed 17280K, reserved 1048576K
}
Event: 72.431 GC heap after
{Heap after GC invocations=48 (full 0):
 garbage-first heap   total 235520K, used 125660K [0x0000000080000000, 0x0000000100000000)
  region size 1024K, 4 young (4096K), 4 survivors (4096K)
 Metaspace       used 119169K, committed 121408K, reserved 1179648K
  class space    used 16139K, committed 17280K, reserved 1048576K
}
Event: 72.946 GC heap before
{Heap before GC invocations=48 (full 0):
 garbage-first heap   total 235520K, used 201436K [0x0000000080000000, 0x0000000100000000)
  region size 1024K, 79 young (80896K), 4 survivors (4096K)
 Metaspace       used 119751K, committed 121984K, reserved 1179648K
  class space    used 16141K, committed 17280K, reserved 1048576K
}
Event: 72.952 GC heap after
{Heap after GC invocations=49 (full 0):
 garbage-first heap   total 235520K, used 133085K [0x0000000080000000, 0x0000000100000000)
  region size 1024K, 10 young (10240K), 10 survivors (10240K)
 Metaspace       used 119751K, committed 121984K, reserved 1179648K
  class space    used 16141K, committed 17280K, reserved 1048576K
}
Event: 92.393 GC heap before
{Heap before GC invocations=49 (full 0):
 garbage-first heap   total 235520K, used 209885K [0x0000000080000000, 0x0000000100000000)
  region size 1024K, 85 young (87040K), 10 survivors (10240K)
 Metaspace       used 119996K, committed 122240K, reserved 1179648K
  class space    used 16145K, committed 17280K, reserved 1048576K
}
Event: 92.399 GC heap after
{Heap after GC invocations=50 (full 0):
 garbage-first heap   total 235520K, used 139729K [0x0000000080000000, 0x0000000100000000)
  region size 1024K, 7 young (7168K), 7 survivors (7168K)
 Metaspace       used 119996K, committed 122240K, reserved 1179648K
  class space    used 16145K, committed 17280K, reserved 1048576K
}
Event: 114.369 GC heap before
{Heap before GC invocations=51 (full 0):
 garbage-first heap   total 235520K, used 212433K [0x0000000080000000, 0x0000000100000000)
  region size 1024K, 79 young (80896K), 7 survivors (7168K)
 Metaspace       used 120272K, committed 122560K, reserved 1179648K
  class space    used 16146K, committed 17280K, reserved 1048576K
}
Event: 114.375 GC heap after
{Heap after GC invocations=52 (full 0):
 garbage-first heap   total 235520K, used 146547K [0x0000000080000000, 0x0000000100000000)
  region size 1024K, 8 young (8192K), 8 survivors (8192K)
 Metaspace       used 120272K, committed 122560K, reserved 1179648K
  class space    used 16146K, committed 17280K, reserved 1048576K
}
Event: 114.719 GC heap before
{Heap before GC invocations=52 (full 0):
 garbage-first heap   total 235520K, used 214131K [0x0000000080000000, 0x0000000100000000)
  region size 1024K, 74 young (75776K), 8 survivors (8192K)
 Metaspace       used 120806K, committed 123072K, reserved 1179648K
  class space    used 16208K, committed 17344K, reserved 1048576K
}
Event: 114.726 GC heap after
{Heap after GC invocations=53 (full 0):
 garbage-first heap   total 235520K, used 153013K [0x0000000080000000, 0x0000000100000000)
  region size 1024K, 8 young (8192K), 8 survivors (8192K)
 Metaspace       used 120806K, committed 123072K, reserved 1179648K
  class space    used 16208K, committed 17344K, reserved 1048576K
}
Event: 115.733 GC heap before
{Heap before GC invocations=53 (full 0):
 garbage-first heap   total 235520K, used 213429K [0x0000000080000000, 0x0000000100000000)
  region size 1024K, 68 young (69632K), 8 survivors (8192K)
 Metaspace       used 122134K, committed 124352K, reserved 1179648K
  class space    used 16344K, committed 17472K, reserved 1048576K
}
Event: 115.738 GC heap after
{Heap after GC invocations=54 (full 0):
 garbage-first heap   total 235520K, used 160934K [0x0000000080000000, 0x0000000100000000)
  region size 1024K, 8 young (8192K), 8 survivors (8192K)
 Metaspace       used 122134K, committed 124352K, reserved 1179648K
  class space    used 16344K, committed 17472K, reserved 1048576K
}
Event: 116.202 GC heap before
{Heap before GC invocations=55 (full 0):
 garbage-first heap   total 261120K, used 215206K [0x0000000080000000, 0x0000000100000000)
  region size 1024K, 58 young (59392K), 8 survivors (8192K)
 Metaspace       used 122418K, committed 124608K, reserved 1179648K
  class space    used 16366K, committed 17472K, reserved 1048576K
}
Event: 116.211 GC heap after
{Heap after GC invocations=56 (full 0):
 garbage-first heap   total 261120K, used 181822K [0x0000000080000000, 0x0000000100000000)
  region size 1024K, 8 young (8192K), 8 survivors (8192K)
 Metaspace       used 122418K, committed 124608K, reserved 1179648K
  class space    used 16366K, committed 17472K, reserved 1048576K
}
Event: 116.808 GC heap before
{Heap before GC invocations=56 (full 0):
 garbage-first heap   total 261120K, used 235070K [0x0000000080000000, 0x0000000100000000)
  region size 1024K, 53 young (54272K), 8 survivors (8192K)
 Metaspace       used 124449K, committed 126720K, reserved 1179648K
  class space    used 16613K, committed 17728K, reserved 1048576K
}
Event: 116.816 GC heap after
{Heap after GC invocations=57 (full 0):
 garbage-first heap   total 261120K, used 167629K [0x0000000080000000, 0x0000000100000000)
  region size 1024K, 6 young (6144K), 6 survivors (6144K)
 Metaspace       used 124449K, committed 126720K, reserved 1179648K
  class space    used 16613K, committed 17728K, reserved 1048576K
}
Event: 117.301 GC heap before
{Heap before GC invocations=57 (full 0):
 garbage-first heap   total 261120K, used 250573K [0x0000000080000000, 0x0000000100000000)
  region size 1024K, 63 young (64512K), 6 survivors (6144K)
 Metaspace       used 125426K, committed 127744K, reserved 1179648K
  class space    used 16690K, committed 17856K, reserved 1048576K
}
Event: 117.307 GC heap after
{Heap after GC invocations=58 (full 0):
 garbage-first heap   total 267264K, used 173180K [0x0000000080000000, 0x0000000100000000)
  region size 1024K, 6 young (6144K), 6 survivors (6144K)
 Metaspace       used 125426K, committed 127744K, reserved 1179648K
  class space    used 16690K, committed 17856K, reserved 1048576K
}
Event: 117.534 GC heap before
{Heap before GC invocations=58 (full 0):
 garbage-first heap   total 267264K, used 234620K [0x0000000080000000, 0x0000000100000000)
  region size 1024K, 67 young (68608K), 6 survivors (6144K)
 Metaspace       used 128803K, committed 131136K, reserved 1179648K
  class space    used 16993K, committed 18176K, reserved 1048576K
}
Event: 117.539 GC heap after
{Heap after GC invocations=59 (full 0):
 garbage-first heap   total 267264K, used 181103K [0x0000000080000000, 0x0000000100000000)
  region size 1024K, 8 young (8192K), 8 survivors (8192K)
 Metaspace       used 128803K, committed 131136K, reserved 1179648K
  class space    used 16993K, committed 18176K, reserved 1048576K
}

