# JRE version: OpenJDK Runtime Environment (21.0.4) (build 21.0.4+-12508038-b607.1)
# Java VM: OpenJDK 64-Bit Server VM (21.0.4+-12508038-b607.1, mixed mode, tiered, compressed oops, compressed class ptrs, g1 gc, windows-amd64)
GC Precious Log:
 CardTable entry size: 512
 Card Set container configuration: InlinePtr #cards 5 size 8 Array Of Cards #cards 12 size 40 Howl #buckets 4 coarsen threshold 1843 Howl Bitmap #cards 512 size 80 coarsen threshold 460 Card regions per heap region 1 cards per card region 2048
 CPUs: 12 total, 12 available
 Memory: 16085M
 Large Page Support: Disabled
 NUMA Support: Disabled
 Compressed Oops: Enabled (32-bit)
 Heap Region Size: 1M
 Heap Min Capacity: 8M
 Heap Initial Capacity: 252M
 Heap Max Capacity: 2G
 Pre-touch: Disabled
 Parallel Workers: 10
 Concurrent Workers: 3
 Concurrent Refinement Workers: 10
 Periodic GC: Disabled
Heap:
 garbage-first heap   total 263168K, used 193395K [0x0000000080000000, 0x0000000100000000)
  region size 1024K, 44 young (45056K), 6 survivors (6144K)
 Metaspace       used 125285K, committed 127488K, reserved 1179648K
  class space    used 16616K, committed 17728K, reserved 1048576K
GC Heap History (20 events):
Event: 10.075 GC heap before
{Heap before GC invocations=39 (full 0):
 garbage-first heap   total 171008K, used 154801K [0x0000000080000000, 0x0000000100000000)
  region size 1024K, 56 young (57344K), 6 survivors (6144K)
 Metaspace       used 109402K, committed 111616K, reserved 1179648K
  class space    used 15026K, committed 16128K, reserved 1048576K
}
Event: 10.081 GC heap after
{Heap after GC invocations=40 (full 0):
 garbage-first heap   total 171008K, used 107884K [0x0000000080000000, 0x0000000100000000)
  region size 1024K, 7 young (7168K), 7 survivors (7168K)
 Metaspace       used 109402K, committed 111616K, reserved 1179648K
  class space    used 15026K, committed 16128K, reserved 1048576K
}
Event: 10.205 GC heap before
{Heap before GC invocations=40 (full 0):
 garbage-first heap   total 171008K, used 153964K [0x0000000080000000, 0x0000000100000000)
  region size 1024K, 52 young (53248K), 7 survivors (7168K)
 Metaspace       used 109651K, committed 111872K, reserved 1179648K
  class space    used 15047K, committed 16192K, reserved 1048576K
}
Event: 10.209 GC heap after
{Heap after GC invocations=41 (full 0):
 garbage-first heap   total 171008K, used 112556K [0x0000000080000000, 0x0000000100000000)
  region size 1024K, 5 young (5120K), 5 survivors (5120K)
 Metaspace       used 109651K, committed 111872K, reserved 1179648K
  class space    used 15047K, committed 16192K, reserved 1048576K
}
Event: 10.425 GC heap before
{Heap before GC invocations=42 (full 0):
 garbage-first heap   total 189440K, used 153516K [0x0000000080000000, 0x0000000100000000)
  region size 1024K, 46 young (47104K), 5 survivors (5120K)
 Metaspace       used 109956K, committed 112128K, reserved 1179648K
  class space    used 15105K, committed 16192K, reserved 1048576K
}
Event: 10.428 GC heap after
{Heap after GC invocations=43 (full 0):
 garbage-first heap   total 189440K, used 114513K [0x0000000080000000, 0x0000000100000000)
  region size 1024K, 4 young (4096K), 4 survivors (4096K)
 Metaspace       used 109956K, committed 112128K, reserved 1179648K
  class space    used 15105K, committed 16192K, reserved 1048576K
}
Event: 11.084 GC heap before
{Heap before GC invocations=43 (full 0):
 garbage-first heap   total 189440K, used 178001K [0x0000000080000000, 0x0000000100000000)
  region size 1024K, 62 young (63488K), 4 survivors (4096K)
 Metaspace       used 113191K, committed 115392K, reserved 1179648K
  class space    used 15360K, committed 16512K, reserved 1048576K
}
Event: 11.089 GC heap after
{Heap after GC invocations=44 (full 0):
 garbage-first heap   total 230400K, used 121189K [0x0000000080000000, 0x0000000100000000)
  region size 1024K, 8 young (8192K), 8 survivors (8192K)
 Metaspace       used 113191K, committed 115392K, reserved 1179648K
  class space    used 15360K, committed 16512K, reserved 1048576K
}
Event: 11.926 GC heap before
{Heap before GC invocations=44 (full 0):
 garbage-first heap   total 230400K, used 222565K [0x0000000080000000, 0x0000000100000000)
  region size 1024K, 92 young (94208K), 8 survivors (8192K)
 Metaspace       used 115084K, committed 117248K, reserved 1179648K
  class space    used 15580K, committed 16704K, reserved 1048576K
}
Event: 11.939 GC heap after
{Heap after GC invocations=45 (full 0):
 garbage-first heap   total 261120K, used 149491K [0x0000000080000000, 0x0000000100000000)
  region size 1024K, 12 young (12288K), 12 survivors (12288K)
 Metaspace       used 115084K, committed 117248K, reserved 1179648K
  class space    used 15580K, committed 16704K, reserved 1048576K
}
Event: 12.529 GC heap before
{Heap before GC invocations=45 (full 0):
 garbage-first heap   total 261120K, used 240627K [0x0000000080000000, 0x0000000100000000)
  region size 1024K, 77 young (78848K), 12 survivors (12288K)
 Metaspace       used 117162K, committed 119360K, reserved 1179648K
  class space    used 15791K, committed 16896K, reserved 1048576K
}
Event: 12.535 GC heap after
{Heap after GC invocations=46 (full 0):
 garbage-first heap   total 263168K, used 157818K [0x0000000080000000, 0x0000000100000000)
  region size 1024K, 7 young (7168K), 7 survivors (7168K)
 Metaspace       used 117162K, committed 119360K, reserved 1179648K
  class space    used 15791K, committed 16896K, reserved 1048576K
}
Event: 12.739 GC heap before
{Heap before GC invocations=46 (full 0):
 garbage-first heap   total 263168K, used 223354K [0x0000000080000000, 0x0000000100000000)
  region size 1024K, 72 young (73728K), 7 survivors (7168K)
 Metaspace       used 120400K, committed 122624K, reserved 1179648K
  class space    used 16085K, committed 17216K, reserved 1048576K
}
Event: 12.743 GC heap after
{Heap after GC invocations=47 (full 0):
 garbage-first heap   total 263168K, used 165167K [0x0000000080000000, 0x0000000100000000)
  region size 1024K, 8 young (8192K), 8 survivors (8192K)
 Metaspace       used 120400K, committed 122624K, reserved 1179648K
  class space    used 16085K, committed 17216K, reserved 1048576K
}
Event: 12.926 GC heap before
{Heap before GC invocations=47 (full 0):
 garbage-first heap   total 263168K, used 230703K [0x0000000080000000, 0x0000000100000000)
  region size 1024K, 73 young (74752K), 8 survivors (8192K)
 Metaspace       used 121043K, committed 123200K, reserved 1179648K
  class space    used 16132K, committed 17216K, reserved 1048576K
}
Event: 12.930 GC heap after
{Heap after GC invocations=48 (full 0):
 garbage-first heap   total 263168K, used 165673K [0x0000000080000000, 0x0000000100000000)
  region size 1024K, 4 young (4096K), 4 survivors (4096K)
 Metaspace       used 121043K, committed 123200K, reserved 1179648K
  class space    used 16132K, committed 17216K, reserved 1048576K
}
Event: 13.228 GC heap before
{Heap before GC invocations=48 (full 0):
 garbage-first heap   total 263168K, used 233257K [0x0000000080000000, 0x0000000100000000)
  region size 1024K, 71 young (72704K), 4 survivors (4096K)
 Metaspace       used 122491K, committed 124736K, reserved 1179648K
  class space    used 16291K, committed 17408K, reserved 1048576K
}
Event: 13.232 GC heap after
{Heap after GC invocations=49 (full 0):
 garbage-first heap   total 263168K, used 169319K [0x0000000080000000, 0x0000000100000000)
  region size 1024K, 7 young (7168K), 7 survivors (7168K)
 Metaspace       used 122491K, committed 124736K, reserved 1179648K
  class space    used 16291K, committed 17408K, reserved 1048576K
}
Event: 13.634 GC heap before
{Heap before GC invocations=50 (full 0):
 garbage-first heap   total 263168K, used 223591K [0x0000000080000000, 0x0000000100000000)
  region size 1024K, 74 young (75776K), 7 survivors (7168K)
 Metaspace       used 123744K, committed 125952K, reserved 1179648K
  class space    used 16433K, committed 17536K, reserved 1048576K
}
Event: 13.637 GC heap after
{Heap after GC invocations=51 (full 0):
 garbage-first heap   total 263168K, used 156531K [0x0000000080000000, 0x0000000100000000)
  region size 1024K, 6 young (6144K), 6 survivors (6144K)
 Metaspace       used 123744K, committed 125952K, reserved 1179648K
  class space    used 16433K, committed 17536K, reserved 1048576K
}

