# JRE version: OpenJDK Runtime Environment (21.0.4) (build 21.0.4+-12508038-b607.1)
# Java VM: OpenJDK 64-Bit Server VM (21.0.4+-12508038-b607.1, mixed mode, tiered, compressed oops, compressed class ptrs, g1 gc, windows-amd64)
GC Precious Log:
 CardTable entry size: 512
 Card Set container configuration: InlinePtr #cards 5 size 8 Array Of Cards #cards 12 size 40 Howl #buckets 4 coarsen threshold 1843 Howl Bitmap #cards 512 size 80 coarsen threshold 460 Card regions per heap region 1 cards per card region 2048
 CPUs: 12 total, 12 available
 Memory: 16085M
 Large Page Support: Disabled
 NUMA Support: Disabled
 Compressed Oops: Enabled (32-bit)
 Heap Region Size: 1M
 Heap Min Capacity: 8M
 Heap Initial Capacity: 252M
 Heap Max Capacity: 2G
 Pre-touch: Disabled
 Parallel Workers: 10
 Concurrent Workers: 3
 Concurrent Refinement Workers: 10
 Periodic GC: Disabled
Heap:
 garbage-first heap   total 247808K, used 166805K [0x0000000080000000, 0x0000000100000000)
  region size 1024K, 18 young (18432K), 8 survivors (8192K)
 Metaspace       used 124323K, committed 126528K, reserved 1179648K
  class space    used 16955K, committed 18112K, reserved 1048576K
GC Heap History (20 events):
Event: 28.005 GC heap before
{Heap before GC invocations=45 (full 0):
 garbage-first heap   total 222208K, used 186121K [0x0000000080000000, 0x0000000100000000)
  region size 1024K, 50 young (51200K), 7 survivors (7168K)
 Metaspace       used 114657K, committed 116800K, reserved 1179648K
  class space    used 15525K, committed 16576K, reserved 1048576K
}
Event: 28.012 GC heap after
{Heap after GC invocations=46 (full 0):
 garbage-first heap   total 222208K, used 146449K [0x0000000080000000, 0x0000000100000000)
  region size 1024K, 5 young (5120K), 5 survivors (5120K)
 Metaspace       used 114657K, committed 116800K, reserved 1179648K
  class space    used 15525K, committed 16576K, reserved 1048576K
}
Event: 28.693 GC heap before
{Heap before GC invocations=46 (full 0):
 garbage-first heap   total 222208K, used 190481K [0x0000000080000000, 0x0000000100000000)
  region size 1024K, 49 young (50176K), 5 survivors (5120K)
 Metaspace       used 115949K, committed 118080K, reserved 1179648K
  class space    used 15707K, committed 16768K, reserved 1048576K
}
Event: 28.699 GC heap after
{Heap after GC invocations=47 (full 0):
 garbage-first heap   total 222208K, used 149378K [0x0000000080000000, 0x0000000100000000)
  region size 1024K, 7 young (7168K), 7 survivors (7168K)
 Metaspace       used 115949K, committed 118080K, reserved 1179648K
  class space    used 15707K, committed 16768K, reserved 1048576K
}
Event: 28.809 GC heap before
{Heap before GC invocations=47 (full 0):
 garbage-first heap   total 222208K, used 174978K [0x0000000080000000, 0x0000000100000000)
  region size 1024K, 52 young (53248K), 7 survivors (7168K)
 Metaspace       used 116056K, committed 118272K, reserved 1179648K
  class space    used 15720K, committed 16832K, reserved 1048576K
}
Event: 28.814 GC heap after
{Heap after GC invocations=48 (full 0):
 garbage-first heap   total 222208K, used 131991K [0x0000000080000000, 0x0000000100000000)
  region size 1024K, 2 young (2048K), 2 survivors (2048K)
 Metaspace       used 116056K, committed 118272K, reserved 1179648K
  class space    used 15720K, committed 16832K, reserved 1048576K
}
Event: 28.902 GC heap before
{Heap before GC invocations=49 (full 0):
 garbage-first heap   total 222208K, used 187287K [0x0000000080000000, 0x0000000100000000)
  region size 1024K, 57 young (58368K), 2 survivors (2048K)
 Metaspace       used 116058K, committed 118272K, reserved 1179648K
  class space    used 15720K, committed 16832K, reserved 1048576K
}
Event: 28.906 GC heap after
{Heap after GC invocations=50 (full 0):
 garbage-first heap   total 222208K, used 131974K [0x0000000080000000, 0x0000000100000000)
  region size 1024K, 2 young (2048K), 2 survivors (2048K)
 Metaspace       used 116058K, committed 118272K, reserved 1179648K
  class space    used 15720K, committed 16832K, reserved 1048576K
}
Event: 29.630 GC heap before
{Heap before GC invocations=50 (full 0):
 garbage-first heap   total 222208K, used 191366K [0x0000000080000000, 0x0000000100000000)
  region size 1024K, 61 young (62464K), 2 survivors (2048K)
 Metaspace       used 116125K, committed 118336K, reserved 1179648K
  class space    used 15721K, committed 16832K, reserved 1048576K
}
Event: 29.632 GC heap after
{Heap after GC invocations=51 (full 0):
 garbage-first heap   total 222208K, used 125154K [0x0000000080000000, 0x0000000100000000)
  region size 1024K, 4 young (4096K), 4 survivors (4096K)
 Metaspace       used 116125K, committed 118336K, reserved 1179648K
  class space    used 15721K, committed 16832K, reserved 1048576K
}
Event: 30.167 GC heap before
{Heap before GC invocations=51 (full 0):
 garbage-first heap   total 222208K, used 195810K [0x0000000080000000, 0x0000000100000000)
  region size 1024K, 74 young (75776K), 4 survivors (4096K)
 Metaspace       used 116162K, committed 118336K, reserved 1179648K
  class space    used 15723K, committed 16832K, reserved 1048576K
}
Event: 30.170 GC heap after
{Heap after GC invocations=52 (full 0):
 garbage-first heap   total 222208K, used 125542K [0x0000000080000000, 0x0000000100000000)
  region size 1024K, 4 young (4096K), 4 survivors (4096K)
 Metaspace       used 116162K, committed 118336K, reserved 1179648K
  class space    used 15723K, committed 16832K, reserved 1048576K
}
Event: 31.272 GC heap before
{Heap before GC invocations=53 (full 0):
 garbage-first heap   total 222208K, used 201318K [0x0000000080000000, 0x0000000100000000)
  region size 1024K, 79 young (80896K), 4 survivors (4096K)
 Metaspace       used 117105K, committed 119296K, reserved 1179648K
  class space    used 15840K, committed 16960K, reserved 1048576K
}
Event: 31.277 GC heap after
{Heap after GC invocations=54 (full 0):
 garbage-first heap   total 222208K, used 129813K [0x0000000080000000, 0x0000000100000000)
  region size 1024K, 8 young (8192K), 8 survivors (8192K)
 Metaspace       used 117105K, committed 119296K, reserved 1179648K
  class space    used 15840K, committed 16960K, reserved 1048576K
}
Event: 31.904 GC heap before
{Heap before GC invocations=54 (full 0):
 garbage-first heap   total 222208K, used 200469K [0x0000000080000000, 0x0000000100000000)
  region size 1024K, 78 young (79872K), 8 survivors (8192K)
 Metaspace       used 119467K, committed 121664K, reserved 1179648K
  class space    used 16196K, committed 17344K, reserved 1048576K
}
Event: 31.911 GC heap after
{Heap after GC invocations=55 (full 0):
 garbage-first heap   total 222208K, used 135893K [0x0000000080000000, 0x0000000100000000)
  region size 1024K, 10 young (10240K), 10 survivors (10240K)
 Metaspace       used 119467K, committed 121664K, reserved 1179648K
  class space    used 16196K, committed 17344K, reserved 1048576K
}
Event: 32.428 GC heap before
{Heap before GC invocations=55 (full 0):
 garbage-first heap   total 222208K, used 198357K [0x0000000080000000, 0x0000000100000000)
  region size 1024K, 72 young (73728K), 10 survivors (10240K)
 Metaspace       used 122056K, committed 124288K, reserved 1179648K
  class space    used 16573K, committed 17728K, reserved 1048576K
}
Event: 32.437 GC heap after
{Heap after GC invocations=56 (full 0):
 garbage-first heap   total 222208K, used 147844K [0x0000000080000000, 0x0000000100000000)
  region size 1024K, 9 young (9216K), 9 survivors (9216K)
 Metaspace       used 122056K, committed 124288K, reserved 1179648K
  class space    used 16573K, committed 17728K, reserved 1048576K
}
Event: 32.762 GC heap before
{Heap before GC invocations=57 (full 0):
 garbage-first heap   total 247808K, used 198020K [0x0000000080000000, 0x0000000100000000)
  region size 1024K, 59 young (60416K), 9 survivors (9216K)
 Metaspace       used 123211K, committed 125376K, reserved 1179648K
  class space    used 16790K, committed 17920K, reserved 1048576K
}
Event: 32.774 GC heap after
{Heap after GC invocations=58 (full 0):
 garbage-first heap   total 247808K, used 158613K [0x0000000080000000, 0x0000000100000000)
  region size 1024K, 8 young (8192K), 8 survivors (8192K)
 Metaspace       used 123211K, committed 125376K, reserved 1179648K
  class space    used 16790K, committed 17920K, reserved 1048576K
}

