# JRE version: OpenJDK Runtime Environment (21.0.4) (build 21.0.4+-12508038-b607.1)
# Java VM: OpenJDK 64-Bit Server VM (21.0.4+-12508038-b607.1, mixed mode, tiered, compressed oops, compressed class ptrs, g1 gc, windows-amd64)
GC Precious Log:
 CardTable entry size: 512
 Card Set container configuration: InlinePtr #cards 5 size 8 Array Of Cards #cards 12 size 40 Howl #buckets 4 coarsen threshold 1843 Howl Bitmap #cards 512 size 80 coarsen threshold 460 Card regions per heap region 1 cards per card region 2048
 CPUs: 12 total, 12 available
 Memory: 16085M
 Large Page Support: Disabled
 NUMA Support: Disabled
 Compressed Oops: Enabled (32-bit)
 Heap Region Size: 1M
 Heap Min Capacity: 8M
 Heap Initial Capacity: 252M
 Heap Max Capacity: 2G
 Pre-touch: Disabled
 Parallel Workers: 10
 Concurrent Workers: 3
 Concurrent Refinement Workers: 10
 Periodic GC: Disabled
Heap:
 garbage-first heap   total 290816K, used 228146K [0x0000000080000000, 0x0000000100000000)
  region size 1024K, 57 young (58368K), 1 survivors (1024K)
 Metaspace       used 118407K, committed 120576K, reserved 1179648K
  class space    used 15881K, committed 17024K, reserved 1048576K
GC Heap History (20 events):
Event: 9.713 GC heap before
{Heap before GC invocations=33 (full 0):
 garbage-first heap   total 178176K, used 158916K [0x0000000080000000, 0x0000000100000000)
  region size 1024K, 64 young (65536K), 8 survivors (8192K)
 Metaspace       used 107513K, committed 109632K, reserved 1179648K
  class space    used 14721K, committed 15808K, reserved 1048576K
}
Event: 9.719 GC heap after
{Heap after GC invocations=34 (full 0):
 garbage-first heap   total 178176K, used 104252K [0x0000000080000000, 0x0000000100000000)
  region size 1024K, 8 young (8192K), 8 survivors (8192K)
 Metaspace       used 107513K, committed 109632K, reserved 1179648K
  class space    used 14721K, committed 15808K, reserved 1048576K
}
Event: 10.062 GC heap before
{Heap before GC invocations=34 (full 0):
 garbage-first heap   total 178176K, used 159548K [0x0000000080000000, 0x0000000100000000)
  region size 1024K, 62 young (63488K), 8 survivors (8192K)
 Metaspace       used 109652K, committed 111808K, reserved 1179648K
  class space    used 15056K, committed 16192K, reserved 1048576K
}
Event: 10.068 GC heap after
{Heap after GC invocations=35 (full 0):
 garbage-first heap   total 178176K, used 110910K [0x0000000080000000, 0x0000000100000000)
  region size 1024K, 7 young (7168K), 7 survivors (7168K)
 Metaspace       used 109652K, committed 111808K, reserved 1179648K
  class space    used 15056K, committed 16192K, reserved 1048576K
}
Event: 10.224 GC heap before
{Heap before GC invocations=36 (full 0):
 garbage-first heap   total 186368K, used 159038K [0x0000000080000000, 0x0000000100000000)
  region size 1024K, 55 young (56320K), 7 survivors (7168K)
 Metaspace       used 109945K, committed 112128K, reserved 1179648K
  class space    used 15113K, committed 16192K, reserved 1048576K
}
Event: 10.228 GC heap after
{Heap after GC invocations=37 (full 0):
 garbage-first heap   total 186368K, used 112726K [0x0000000080000000, 0x0000000100000000)
  region size 1024K, 4 young (4096K), 4 survivors (4096K)
 Metaspace       used 109945K, committed 112128K, reserved 1179648K
  class space    used 15113K, committed 16192K, reserved 1048576K
}
Event: 10.892 GC heap before
{Heap before GC invocations=37 (full 0):
 garbage-first heap   total 186368K, used 175190K [0x0000000080000000, 0x0000000100000000)
  region size 1024K, 61 young (62464K), 4 survivors (4096K)
 Metaspace       used 113134K, committed 115328K, reserved 1179648K
  class space    used 15371K, committed 16512K, reserved 1048576K
}
Event: 10.896 GC heap after
{Heap after GC invocations=38 (full 0):
 garbage-first heap   total 186368K, used 115120K [0x0000000080000000, 0x0000000100000000)
  region size 1024K, 8 young (8192K), 8 survivors (8192K)
 Metaspace       used 113134K, committed 115328K, reserved 1179648K
  class space    used 15371K, committed 16512K, reserved 1048576K
}
Event: 11.050 GC heap before
{Heap before GC invocations=38 (full 0):
 garbage-first heap   total 186368K, used 135600K [0x0000000080000000, 0x0000000100000000)
  region size 1024K, 30 young (30720K), 8 survivors (8192K)
 Metaspace       used 113221K, committed 115392K, reserved 1179648K
  class space    used 15371K, committed 16512K, reserved 1048576K
}
Event: 11.055 GC heap after
{Heap after GC invocations=39 (full 0):
 garbage-first heap   total 186368K, used 123500K [0x0000000080000000, 0x0000000100000000)
  region size 1024K, 8 young (8192K), 8 survivors (8192K)
 Metaspace       used 113221K, committed 115392K, reserved 1179648K
  class space    used 15371K, committed 16512K, reserved 1048576K
}
Event: 11.356 GC heap before
{Heap before GC invocations=40 (full 0):
 garbage-first heap   total 222208K, used 174700K [0x0000000080000000, 0x0000000100000000)
  region size 1024K, 49 young (50176K), 8 survivors (8192K)
 Metaspace       used 113731K, committed 115904K, reserved 1179648K
  class space    used 15428K, committed 16576K, reserved 1048576K
}
Event: 11.364 GC heap after
{Heap after GC invocations=41 (full 0):
 garbage-first heap   total 222208K, used 142197K [0x0000000080000000, 0x0000000100000000)
  region size 1024K, 7 young (7168K), 7 survivors (7168K)
 Metaspace       used 113731K, committed 115904K, reserved 1179648K
  class space    used 15428K, committed 16576K, reserved 1048576K
}
Event: 11.936 GC heap before
{Heap before GC invocations=41 (full 0):
 garbage-first heap   total 222208K, used 193397K [0x0000000080000000, 0x0000000100000000)
  region size 1024K, 50 young (51200K), 7 survivors (7168K)
 Metaspace       used 116164K, committed 118400K, reserved 1179648K
  class space    used 15714K, committed 16832K, reserved 1048576K
}
Event: 11.942 GC heap after
{Heap after GC invocations=42 (full 0):
 garbage-first heap   total 222208K, used 147420K [0x0000000080000000, 0x0000000100000000)
  region size 1024K, 6 young (6144K), 6 survivors (6144K)
 Metaspace       used 116164K, committed 118400K, reserved 1179648K
  class space    used 15714K, committed 16832K, reserved 1048576K
}
Event: 12.156 GC heap before
{Heap before GC invocations=42 (full 0):
 garbage-first heap   total 222208K, used 166876K [0x0000000080000000, 0x0000000100000000)
  region size 1024K, 26 young (26624K), 6 survivors (6144K)
 Metaspace       used 116360K, committed 118528K, reserved 1179648K
  class space    used 15732K, committed 16832K, reserved 1048576K
}
Event: 12.161 GC heap after
{Heap after GC invocations=43 (full 0):
 garbage-first heap   total 267264K, used 154824K [0x0000000080000000, 0x0000000100000000)
  region size 1024K, 7 young (7168K), 7 survivors (7168K)
 Metaspace       used 116360K, committed 118528K, reserved 1179648K
  class space    used 15732K, committed 16832K, reserved 1048576K
}
Event: 12.202 GC heap before
{Heap before GC invocations=43 (full 0):
 garbage-first heap   total 267264K, used 163016K [0x0000000080000000, 0x0000000100000000)
  region size 1024K, 9 young (9216K), 7 survivors (7168K)
 Metaspace       used 116360K, committed 118528K, reserved 1179648K
  class space    used 15732K, committed 16832K, reserved 1048576K
}
Event: 12.205 GC heap after
{Heap after GC invocations=44 (full 0):
 garbage-first heap   total 267264K, used 158779K [0x0000000080000000, 0x0000000100000000)
  region size 1024K, 1 young (1024K), 1 survivors (1024K)
 Metaspace       used 116360K, committed 118528K, reserved 1179648K
  class space    used 15732K, committed 16832K, reserved 1048576K
}
Event: 12.209 GC heap before
{Heap before GC invocations=44 (full 0):
 garbage-first heap   total 267264K, used 166971K [0x0000000080000000, 0x0000000100000000)
  region size 1024K, 2 young (2048K), 1 survivors (1024K)
 Metaspace       used 116360K, committed 118528K, reserved 1179648K
  class space    used 15732K, committed 16832K, reserved 1048576K
}
Event: 12.211 GC heap after
{Heap after GC invocations=45 (full 0):
 garbage-first heap   total 267264K, used 162610K [0x0000000080000000, 0x0000000100000000)
  region size 1024K, 1 young (1024K), 1 survivors (1024K)
 Metaspace       used 116360K, committed 118528K, reserved 1179648K
  class space    used 15732K, committed 16832K, reserved 1048576K
}

